During startup - During startup - During startup - Warning messages:
Warning messages:
Warning messages:
1: Setting LC_CTYPE failed, using "C" 
2: Setting LC_COLLATE failed, using "C" 
3: Setting LC_TIME failed, using "C" 
4: Setting LC_MESSAGES failed, using "C" 
1: Setting LC_CTYPE failed, using "C" 
1: Setting LC_CTYPE failed, using "C" 
5: Setting LC_MONETARY failed, using "C" 
6: Setting LC_PAPER failed, using "C" 
7: Setting LC_MEASUREMENT failed, using "C" 
2: Setting LC_COLLATE failed, using "C" 
3: Setting LC_TIME failed, using "C" 
2: Setting LC_COLLATE failed, using "C" 
4: Setting LC_MESSAGES failed, using "C" 
3: Setting LC_TIME failed, using "C" 
5: Setting LC_MONETARY failed, using "C" 
6: Setting LC_PAPER failed, using "C" 
4: Setting LC_MESSAGES failed, using "C" 
5: Setting LC_MONETARY failed, using "C" 
7: Setting LC_MEASUREMENT failed, using "C" 
6: Setting LC_PAPER failed, using "C" 
7: Setting LC_MEASUREMENT failed, using "C" 
[1] "3"
[1] "2"
[1] "/work/upnae/ONT_modif/data/h5mC/3"
[1] "/work/upnae/ONT_modif/data/h5mC/2"
[1][1][1] "1"
 "h5mC_3.csv" "h5mC_2.csv"
[1] "/work/upnae/ONT_modif/data/h5mC/1"

[1][1][1] "h5mC_1.csv"
[1] "in /work/upnae/ONT_modif/data/h5mC/1"
 "in /work/upnae/ONT_modif/data/h5mC/2"
 "in /work/upnae/ONT_modif/data/h5mC/3"
----------------------------------------------------------------------------------------------------------------------------------------------------------------

-- Started tailfindr (version 1.3) ----------------------------------------------- Started tailfindr (version 1.3) ---------------------------------------------
--------------------------------------------------------------------------------
--------------------------------------------------------------------------------

---------------------------------------------------------------------------------- Started tailfindr (version 1.3) ---------------------------------------------= You have configured tailfindr as following:


= You have configured tailfindr as following:
> fast5_dir:         /work/upnae/ONT_modif/data/h5mC/3
--------------------------------------------------------------------------------> fast5_dir:         /work/upnae/ONT_modif/data/h5mC/2
> save_dir:          /work/upnae/thomas_trna/data

> save_dir:          /work/upnae/thomas_trna/data
> csv_filename:      h5mC_3.csv
= You have configured tailfindr as following:
> csv_filename:      h5mC_2.csv
> num_cores:         14
> fast5_dir:         /work/upnae/ONT_modif/data/h5mC/1
> num_cores:         14
> basecall_group:    Basecall_1D_001
> save_dir:          /work/upnae/thomas_trna/data
> basecall_group:    Basecall_1D_001
> save_plots:        FALSE
> csv_filename:      h5mC_1.csv
> save_plots:        FALSE
> plot_debug_traces: FALSE
> num_cores:         14
> plot_debug_traces: FALSE
> plotting_library:  rbokeh
> basecall_group:    Basecall_1D_001
> plotting_library:  rbokeh
-- Processing started at 2021-10-30 13:19:23 -----------------------------------> save_plots:        FALSE

-- Processing started at 2021-10-30 13:19:23 -----------------------------------> plot_debug_traces: FALSE

* Searching for all Fast5 files...
> plotting_library:  rbokeh
* Searching for all Fast5 files...
-- Processing started at 2021-10-30 13:19:23 -----------------------------------
* Searching for all Fast5 files...
  Done! Found 10 Fast5 files.
* Analyzing a single Fast5 file to assess if your data 
  is in an acceptable format...
  Done! Found 10 Fast5 files.
* Analyzing a single Fast5 file to assess if your data 
  is in an acceptable format...
  Done! Found 8 Fast5 files.
* Analyzing a single Fast5 file to assess if your data 
  is in an acceptable format...
